D:\ESS\ESS-Web\src\Northwind.PFS.Web\wwwroot\js\Common\Remote\Remote.js
D:\ESS\ESS-Web\src\Northwind.PFS.Web\wwwroot\js\Common\Remote\Remote.js.map
D:\ESS\ESS-Web\src\Northwind.PFS.Web\wwwroot\js\Common\Dialog\Dialog.js
D:\ESS\ESS-Web\src\Northwind.PFS.Web\wwwroot\js\Common\Dialog\Dialog.js.map
D:\ESS\ESS-Web\src\Northwind.PFS.Web\wwwroot\js\Common\Dialog\Events.js
D:\ESS\ESS-Web\src\Northwind.PFS.Web\wwwroot\js\Common\Dialog\Events.js.map
D:\ESS\ESS-Web\src\Northwind.PFS.Web\wwwroot\js\Common\Dialog\index.js
D:\ESS\ESS-Web\src\Northwind.PFS.Web\wwwroot\js\Common\Dialog\index.js.map
D:\ESS\ESS-Web\src\Northwind.PFS.Web\wwwroot\js\Common\Grid\BootstrapDropdown.js
D:\ESS\ESS-Web\src\Northwind.PFS.Web\wwwroot\js\Common\Grid\BootstrapDropdown.js.map
D:\ESS\ESS-Web\src\Northwind.PFS.Web\wwwroot\js\Common\Grid\BootstrapRowMenu.js
D:\ESS\ESS-Web\src\Northwind.PFS.Web\wwwroot\js\Common\Grid\BootstrapRowMenu.js.map
D:\ESS\ESS-Web\src\Northwind.PFS.Web\wwwroot\js\Common\Grid\CommandCell.js
D:\ESS\ESS-Web\src\Northwind.PFS.Web\wwwroot\js\Common\Grid\CommandCell.js.map
D:\ESS\ESS-Web\src\Northwind.PFS.Web\wwwroot\js\Common\Grid\GridColumnMenu.js
D:\ESS\ESS-Web\src\Northwind.PFS.Web\wwwroot\js\Common\Grid\GridColumnMenu.js.map
D:\ESS\ESS-Web\src\Northwind.PFS.Web\wwwroot\js\Common\Grid\LoadingPanel.js
D:\ESS\ESS-Web\src\Northwind.PFS.Web\wwwroot\js\Common\Grid\LoadingPanel.js.map
D:\ESS\ESS-Web\src\Northwind.PFS.Web\wwwroot\js\Common\Grid\GridDataLoader.js
D:\ESS\ESS-Web\src\Northwind.PFS.Web\wwwroot\js\Common\Grid\GridDataLoader.js.map
D:\ESS\ESS-Web\src\Northwind.PFS.Web\wwwroot\js\Component\Entities\Condition.js
D:\ESS\ESS-Web\src\Northwind.PFS.Web\wwwroot\js\Component\Entities\Condition.js.map
D:\ESS\ESS-Web\src\Northwind.PFS.Web\wwwroot\js\Component\AdvancedSearch\AdvancedSearchHeader.js
D:\ESS\ESS-Web\src\Northwind.PFS.Web\wwwroot\js\Component\AdvancedSearch\AdvancedSearchHeader.js.map
D:\ESS\ESS-Web\src\Northwind.PFS.Web\wwwroot\js\Component\Entities\DropdownListItem.js
D:\ESS\ESS-Web\src\Northwind.PFS.Web\wwwroot\js\Component\Entities\DropdownListItem.js.map
D:\ESS\ESS-Web\src\Northwind.PFS.Web\wwwroot\js\Component\AdvancedSearch\AdvancedSearchRow.js
D:\ESS\ESS-Web\src\Northwind.PFS.Web\wwwroot\js\Component\AdvancedSearch\AdvancedSearchRow.js.map
D:\ESS\ESS-Web\src\Northwind.PFS.Web\wwwroot\js\Component\AdvancedSearch\AdvancedSearch.js
D:\ESS\ESS-Web\src\Northwind.PFS.Web\wwwroot\js\Component\AdvancedSearch\AdvancedSearch.js.map
D:\ESS\ESS-Web\src\Northwind.PFS.Web\wwwroot\js\Component\AdvancedSearch\AdvancedSearchPills.js
D:\ESS\ESS-Web\src\Northwind.PFS.Web\wwwroot\js\Component\AdvancedSearch\AdvancedSearchPills.js.map
D:\ESS\ESS-Web\src\Northwind.PFS.Web\wwwroot\js\Component\AdvancedSearch\AdvancedSearchDialog.js
D:\ESS\ESS-Web\src\Northwind.PFS.Web\wwwroot\js\Component\AdvancedSearch\AdvancedSearchDialog.js.map
D:\ESS\ESS-Web\src\Northwind.PFS.Web\wwwroot\js\Common\Grid\SearchPills.js
D:\ESS\ESS-Web\src\Northwind.PFS.Web\wwwroot\js\Common\Grid\SearchPills.js.map
D:\ESS\ESS-Web\src\Northwind.PFS.Web\wwwroot\js\Common\Grid\KendoGrid.js
D:\ESS\ESS-Web\src\Northwind.PFS.Web\wwwroot\js\Common\Grid\KendoGrid.js.map
D:\ESS\ESS-Web\src\Northwind.PFS.Web\wwwroot\js\Common\Grid\KendoGroupableGrid.js
D:\ESS\ESS-Web\src\Northwind.PFS.Web\wwwroot\js\Common\Grid\KendoGroupableGrid.js.map
D:\ESS\ESS-Web\src\Northwind.PFS.Web\wwwroot\js\Common\Grid\index.js
D:\ESS\ESS-Web\src\Northwind.PFS.Web\wwwroot\js\Common\Grid\index.js.map
D:\ESS\ESS-Web\src\Northwind.PFS.Web\wwwroot\js\Common\MultiselectListbox\Listbox.js
D:\ESS\ESS-Web\src\Northwind.PFS.Web\wwwroot\js\Common\MultiselectListbox\Listbox.js.map
D:\ESS\ESS-Web\src\Northwind.PFS.Web\wwwroot\js\Common\MultiselectListbox\MultiselectListbox.js
D:\ESS\ESS-Web\src\Northwind.PFS.Web\wwwroot\js\Common\MultiselectListbox\MultiselectListbox.js.map
D:\ESS\ESS-Web\src\Northwind.PFS.Web\wwwroot\js\Common\Pagination\Pagination.js
D:\ESS\ESS-Web\src\Northwind.PFS.Web\wwwroot\js\Common\Pagination\Pagination.js.map
D:\ESS\ESS-Web\src\Northwind.PFS.Web\wwwroot\js\Component\Entities\IPolicyRule.js
D:\ESS\ESS-Web\src\Northwind.PFS.Web\wwwroot\js\Component\Entities\IPolicyRule.js.map
D:\ESS\ESS-Web\src\Northwind.PFS.Web\wwwroot\js\Component\ProjectFinancialSystem\ProjectDetails\Tabs\ProjectDetailsTab.js
D:\ESS\ESS-Web\src\Northwind.PFS.Web\wwwroot\js\Component\ProjectFinancialSystem\ProjectDetails\Tabs\ProjectDetailsTab.js.map
D:\ESS\ESS-Web\src\Northwind.PFS.Web\wwwroot\js\Component\ProjectFinancialSystem\ProjectDetails\Tabs\WBSTab.js
D:\ESS\ESS-Web\src\Northwind.PFS.Web\wwwroot\js\Component\ProjectFinancialSystem\ProjectDetails\Tabs\WBSTab.js.map
D:\ESS\ESS-Web\src\Northwind.PFS.Web\wwwroot\js\Component\ProjectFinancialSystem\ProjectDetails\Tabs\PieChart.js
D:\ESS\ESS-Web\src\Northwind.PFS.Web\wwwroot\js\Component\ProjectFinancialSystem\ProjectDetails\Tabs\PieChart.js.map
D:\ESS\ESS-Web\src\Northwind.PFS.Web\wwwroot\js\Component\ProjectFinancialSystem\ProjectDetails\Tabs\LaborTab.js
D:\ESS\ESS-Web\src\Northwind.PFS.Web\wwwroot\js\Component\ProjectFinancialSystem\ProjectDetails\Tabs\LaborTab.js.map
D:\ESS\ESS-Web\src\Northwind.PFS.Web\wwwroot\js\Component\ProjectFinancialSystem\ProjectDetails\Tabs\BillingTab.js
D:\ESS\ESS-Web\src\Northwind.PFS.Web\wwwroot\js\Component\ProjectFinancialSystem\ProjectDetails\Tabs\BillingTab.js.map
D:\ESS\ESS-Web\src\Northwind.PFS.Web\wwwroot\js\Component\ProjectFinancialSystem\ProjectDetails\Tabs\CostTab.js
D:\ESS\ESS-Web\src\Northwind.PFS.Web\wwwroot\js\Component\ProjectFinancialSystem\ProjectDetails\Tabs\CostTab.js.map
D:\ESS\ESS-Web\src\Northwind.PFS.Web\wwwroot\js\Component\ProjectFinancialSystem\ProjectDetails\Tabs\POTab.js
D:\ESS\ESS-Web\src\Northwind.PFS.Web\wwwroot\js\Component\ProjectFinancialSystem\ProjectDetails\Tabs\POTab.js.map
D:\ESS\ESS-Web\src\Northwind.PFS.Web\wwwroot\js\Component\ProjectFinancialSystem\ProjectDetails\Tabs\RAMTab.js
D:\ESS\ESS-Web\src\Northwind.PFS.Web\wwwroot\js\Component\ProjectFinancialSystem\ProjectDetails\Tabs\RAMTab.js.map
D:\ESS\ESS-Web\src\Northwind.PFS.Web\wwwroot\js\Component\ProjectFinancialSystem\ProjectDetails\Tabs\RevenueTab.js
D:\ESS\ESS-Web\src\Northwind.PFS.Web\wwwroot\js\Component\ProjectFinancialSystem\ProjectDetails\Tabs\RevenueTab.js.map
D:\ESS\ESS-Web\src\Northwind.PFS.Web\wwwroot\js\Component\ProjectFinancialSystem\ProjectDetails\Tabs\VendorPaymentTab.js
D:\ESS\ESS-Web\src\Northwind.PFS.Web\wwwroot\js\Component\ProjectFinancialSystem\ProjectDetails\Tabs\VendorPaymentTab.js.map
D:\ESS\ESS-Web\src\Northwind.PFS.Web\wwwroot\js\Component\ProjectFinancialSystem\ProjectDetails\Views\WbsDictionaryList.js
D:\ESS\ESS-Web\src\Northwind.PFS.Web\wwwroot\js\Component\ProjectFinancialSystem\ProjectDetails\Views\WbsDictionaryList.js.map
D:\ESS\ESS-Web\src\Northwind.PFS.Web\wwwroot\js\Component\ProjectFinancialSystem\ProjectDetails\ProjectDetails.js
D:\ESS\ESS-Web\src\Northwind.PFS.Web\wwwroot\js\Component\ProjectFinancialSystem\ProjectDetails\ProjectDetails.js.map
D:\ESS\ESS-Web\src\Northwind.PFS.Web\wwwroot\js\Component\ProjectFinancialSystem\Index.js
D:\ESS\ESS-Web\src\Northwind.PFS.Web\wwwroot\js\Component\ProjectFinancialSystem\Index.js.map
D:\ESS\ESS-Web\src\Northwind.PFS.Web\wwwroot\js\Component\ProjectFinancialSystem\ProjectDetails\Views\WbsEditView.js
D:\ESS\ESS-Web\src\Northwind.PFS.Web\wwwroot\js\Component\ProjectFinancialSystem\ProjectDetails\Views\WbsEditView.js.map
